<?xml version="1.0" encoding="UTF-8"?>
<!-- Generated by org.testng.reporters.JUnitXMLReporter -->
<testsuite hostname="DESKTOP-EMDOR70" ignored="0" name="Default test" tests="5" failures="0" timestamp="01 Aug 2020 01:19:22 GMT" time="35.869" errors="0">
  <testcase name="NavigateToWeatherPage" time="6.184" classname="Weather_check_Test_Cases.StartUpCheck"/>
  <testcase name="CityCheck" time="11.795" classname="Weather_check_Test_Cases.StartUpCheck"/>
  <testcase name="CityWeatherCheck" time="0.388" classname="Weather_check_Test_Cases.StartUpCheck"/>
  <testcase name="API_Call" time="16.955" classname="Weather_check_Test_Cases.StartUpCheck"/>
  <testcase name="tempCompare" time="0.003" classname="Weather_check_Test_Cases.StartUpCheck"/>
</testsuite> <!-- Default test -->
