<?xml version="1.0" encoding="UTF-8"?>
<!-- Generated by org.testng.reporters.JUnitXMLReporter -->
<testsuite hostname="DESKTOP-EMDOR70" ignored="0" name="Test" tests="5" failures="0" timestamp="2020-08-01T16:07:12 IST" time="39.291" errors="0">
  <testcase name="NavigateToWeatherPage" time="10.28" classname="Weather_check_Test_Cases.StartUpCheck"/>
  <testcase name="CityCheck" time="11.288" classname="Weather_check_Test_Cases.StartUpCheck"/>
  <testcase name="CityWeatherCheck" time="0.64" classname="Weather_check_Test_Cases.StartUpCheck"/>
  <testcase name="API_Call" time="16.695" classname="Weather_check_Test_Cases.StartUpCheck"/>
  <testcase name="tempCompare" time="0.003" classname="Weather_check_Test_Cases.StartUpCheck"/>
</testsuite> <!-- Test -->
