<?xml version="1.0" encoding="UTF-8"?>
<testsuite xmlns:xsi="http://www.w3.org/2001/XMLSchema-instance" xsi:schemaLocation="https://maven.apache.org/surefire/maven-surefire-plugin/xsd/surefire-test-report.xsd" name="TestSuite" time="76.817" tests="5" errors="0" skipped="0" failures="0">
  <properties>
[...]
</properties>
  <testcase name="NavigateToWeatherPage" classname="Weather_check_Test_Cases.StartUpCheck" time="10.293"/>
  <testcase name="CityCheck" classname="Weather_check_Test_Cases.StartUpCheck" time="11.28"/>
  <testcase name="CityWeatherCheck" classname="Weather_check_Test_Cases.StartUpCheck" time="0.648"/>
  <testcase name="API_Call" classname="Weather_check_Test_Cases.StartUpCheck" time="16.687"/>
  <testcase name="tempCompare" classname="Weather_check_Test_Cases.StartUpCheck" time="0.006"/>
</testsuite>